2021-10-26 00:01:06.284  INFO 52129 --- [main] .e.SpringBootRestServiceApplicationTests : Starting SpringBootRestServiceApplicationTests on Debras-iMac with PID 52129 (started by debra_elvis in /Users/debra_elvis/Desktop/SpringBootRestService)
2021-10-26 00:01:06.305  INFO 52129 --- [main] .e.SpringBootRestServiceApplicationTests : No active profile set, falling back to default profiles: default
2021-10-26 00:01:07.819  INFO 52129 --- [main] .s.d.r.c.RepositoryConfigurationDelegate : Bootstrapping Spring Data JPA repositories in DEFERRED mode.
2021-10-26 00:01:08.024  INFO 52129 --- [main] .s.d.r.c.RepositoryConfigurationDelegate : Finished Spring Data repository scanning in 168ms. Found 1 JPA repository interfaces.
2021-10-26 00:01:09.928  INFO 52129 --- [main] o.s.s.concurrent.ThreadPoolTaskExecutor  : Initializing ExecutorService 'applicationTaskExecutor'
2021-10-26 00:01:10.166  INFO 52129 --- [task-1] o.hibernate.jpa.internal.util.LogHelper  : HHH000204: Processing PersistenceUnitInfo [name: default]
2021-10-26 00:01:10.490  INFO 52129 --- [task-1] org.hibernate.Version                    : HHH000412: Hibernate ORM core version 5.4.17.Final
2021-10-26 00:01:10.643  INFO 52129 --- [task-1] o.hibernate.annotations.common.Version   : HCANN000001: Hibernate Commons Annotations {5.1.0.Final}
2021-10-26 00:01:10.800  WARN 52129 --- [main] JpaBaseConfiguration$JpaWebConfiguration : spring.jpa.open-in-view is enabled by default. Therefore, database queries may be performed during view rendering. Explicitly configure spring.jpa.open-in-view to disable this warning
2021-10-26 00:01:11.293  INFO 52129 --- [task-1] com.zaxxer.hikari.HikariDataSource       : HikariPool-1 - Starting...
2021-10-26 00:01:11.934  INFO 52129 --- [task-1] com.zaxxer.hikari.HikariDataSource       : HikariPool-1 - Start completed.
2021-10-26 00:01:12.088  INFO 52129 --- [task-1] org.hibernate.dialect.Dialect            : HHH000400: Using dialect: org.hibernate.dialect.MySQL5InnoDBDialect
2021-10-26 00:01:12.377  INFO 52129 --- [main] DeferredRepositoryInitializationListener : Triggering deferred initialization of Spring Data repositories…
2021-10-26 00:01:12.378  INFO 52129 --- [main] DeferredRepositoryInitializationListener : Spring Data repositories initialized!
2021-10-26 00:01:12.428  INFO 52129 --- [main] .e.SpringBootRestServiceApplicationTests : Started SpringBootRestServiceApplicationTests in 7.005 seconds (JVM running for 9.461)
2021-10-26 00:01:12.796  INFO 52129 --- [main] c.elvislee.controller.LibraryController  : Book does not exist yet, creating one
2021-10-26 00:01:12.968  INFO 52129 --- [SpringContextShutdownHook] j.LocalContainerEntityManagerFactoryBean : Closing JPA EntityManagerFactory for persistence unit 'default'
2021-10-26 00:01:13.526  INFO 52129 --- [task-1] o.h.e.t.j.p.i.JtaPlatformInitiator       : HHH000490: Using JtaPlatform implementation: [org.hibernate.engine.transaction.jta.platform.internal.NoJtaPlatform]
2021-10-26 00:01:13.562  INFO 52129 --- [task-1] j.LocalContainerEntityManagerFactoryBean : Initialized JPA EntityManagerFactory for persistence unit 'default'
2021-10-26 00:01:13.563  INFO 52129 --- [SpringContextShutdownHook] o.s.s.concurrent.ThreadPoolTaskExecutor  : Shutting down ExecutorService 'applicationTaskExecutor'
2021-10-26 00:01:13.564  INFO 52129 --- [SpringContextShutdownHook] com.zaxxer.hikari.HikariDataSource       : HikariPool-1 - Shutdown initiated...
2021-10-26 00:01:13.574  INFO 52129 --- [SpringContextShutdownHook] com.zaxxer.hikari.HikariDataSource       : HikariPool-1 - Shutdown completed.
2021-10-26 00:01:49.609  INFO 52138 --- [main] .e.SpringBootRestServiceApplicationTests : Starting SpringBootRestServiceApplicationTests on Debras-iMac with PID 52138 (started by debra_elvis in /Users/debra_elvis/Desktop/SpringBootRestService)
2021-10-26 00:01:49.611  INFO 52138 --- [main] .e.SpringBootRestServiceApplicationTests : No active profile set, falling back to default profiles: default
2021-10-26 00:01:50.332  INFO 52138 --- [main] .s.d.r.c.RepositoryConfigurationDelegate : Bootstrapping Spring Data JPA repositories in DEFERRED mode.
2021-10-26 00:01:50.391  INFO 52138 --- [main] .s.d.r.c.RepositoryConfigurationDelegate : Finished Spring Data repository scanning in 50ms. Found 1 JPA repository interfaces.
2021-10-26 00:01:51.296  INFO 52138 --- [main] o.s.s.concurrent.ThreadPoolTaskExecutor  : Initializing ExecutorService 'applicationTaskExecutor'
2021-10-26 00:01:51.392  INFO 52138 --- [task-1] o.hibernate.jpa.internal.util.LogHelper  : HHH000204: Processing PersistenceUnitInfo [name: default]
2021-10-26 00:01:51.445  INFO 52138 --- [task-1] org.hibernate.Version                    : HHH000412: Hibernate ORM core version 5.4.17.Final
2021-10-26 00:01:51.570  INFO 52138 --- [task-1] o.hibernate.annotations.common.Version   : HCANN000001: Hibernate Commons Annotations {5.1.0.Final}
2021-10-26 00:01:51.755  WARN 52138 --- [main] JpaBaseConfiguration$JpaWebConfiguration : spring.jpa.open-in-view is enabled by default. Therefore, database queries may be performed during view rendering. Explicitly configure spring.jpa.open-in-view to disable this warning
2021-10-26 00:01:51.760  INFO 52138 --- [task-1] com.zaxxer.hikari.HikariDataSource       : HikariPool-1 - Starting...
2021-10-26 00:01:52.205  INFO 52138 --- [task-1] com.zaxxer.hikari.HikariDataSource       : HikariPool-1 - Start completed.
2021-10-26 00:01:52.222  INFO 52138 --- [task-1] org.hibernate.dialect.Dialect            : HHH000400: Using dialect: org.hibernate.dialect.MySQL5InnoDBDialect
2021-10-26 00:01:52.446  INFO 52138 --- [main] DeferredRepositoryInitializationListener : Triggering deferred initialization of Spring Data repositories…
2021-10-26 00:01:52.447  INFO 52138 --- [main] DeferredRepositoryInitializationListener : Spring Data repositories initialized!
2021-10-26 00:01:52.459  INFO 52138 --- [main] .e.SpringBootRestServiceApplicationTests : Started SpringBootRestServiceApplicationTests in 3.197 seconds (JVM running for 4.657)
2021-10-26 00:01:52.523  INFO 52138 --- [main] c.elvislee.controller.LibraryController  : Book does not exist yet, creating one
2021-10-26 00:01:52.620  INFO 52138 --- [SpringContextShutdownHook] j.LocalContainerEntityManagerFactoryBean : Closing JPA EntityManagerFactory for persistence unit 'default'
2021-10-26 00:01:52.781  INFO 52138 --- [task-1] o.h.e.t.j.p.i.JtaPlatformInitiator       : HHH000490: Using JtaPlatform implementation: [org.hibernate.engine.transaction.jta.platform.internal.NoJtaPlatform]
2021-10-26 00:01:52.788  INFO 52138 --- [task-1] j.LocalContainerEntityManagerFactoryBean : Initialized JPA EntityManagerFactory for persistence unit 'default'
2021-10-26 00:01:52.792  INFO 52138 --- [SpringContextShutdownHook] o.s.s.concurrent.ThreadPoolTaskExecutor  : Shutting down ExecutorService 'applicationTaskExecutor'
2021-10-26 00:01:52.793  INFO 52138 --- [SpringContextShutdownHook] com.zaxxer.hikari.HikariDataSource       : HikariPool-1 - Shutdown initiated...
2021-10-26 00:01:52.809  INFO 52138 --- [SpringContextShutdownHook] com.zaxxer.hikari.HikariDataSource       : HikariPool-1 - Shutdown completed.
2021-10-26 00:03:11.428  INFO 52150 --- [main] .e.SpringBootRestServiceApplicationTests : Starting SpringBootRestServiceApplicationTests on Debras-iMac with PID 52150 (started by debra_elvis in /Users/debra_elvis/Desktop/SpringBootRestService)
2021-10-26 00:03:11.430  INFO 52150 --- [main] .e.SpringBootRestServiceApplicationTests : No active profile set, falling back to default profiles: default
2021-10-26 00:03:12.064  INFO 52150 --- [main] .s.d.r.c.RepositoryConfigurationDelegate : Bootstrapping Spring Data JPA repositories in DEFERRED mode.
2021-10-26 00:03:12.117  INFO 52150 --- [main] .s.d.r.c.RepositoryConfigurationDelegate : Finished Spring Data repository scanning in 46ms. Found 1 JPA repository interfaces.
2021-10-26 00:03:13.025  INFO 52150 --- [main] o.s.s.concurrent.ThreadPoolTaskExecutor  : Initializing ExecutorService 'applicationTaskExecutor'
2021-10-26 00:03:13.075  INFO 52150 --- [task-1] o.hibernate.jpa.internal.util.LogHelper  : HHH000204: Processing PersistenceUnitInfo [name: default]
2021-10-26 00:03:13.122  INFO 52150 --- [task-1] org.hibernate.Version                    : HHH000412: Hibernate ORM core version 5.4.17.Final
2021-10-26 00:03:13.161  INFO 52150 --- [task-1] o.hibernate.annotations.common.Version   : HCANN000001: Hibernate Commons Annotations {5.1.0.Final}
2021-10-26 00:03:13.271  INFO 52150 --- [task-1] com.zaxxer.hikari.HikariDataSource       : HikariPool-1 - Starting...
2021-10-26 00:03:13.288  WARN 52150 --- [main] JpaBaseConfiguration$JpaWebConfiguration : spring.jpa.open-in-view is enabled by default. Therefore, database queries may be performed during view rendering. Explicitly configure spring.jpa.open-in-view to disable this warning
2021-10-26 00:03:13.661  INFO 52150 --- [task-1] com.zaxxer.hikari.HikariDataSource       : HikariPool-1 - Start completed.
2021-10-26 00:03:13.677  INFO 52150 --- [task-1] org.hibernate.dialect.Dialect            : HHH000400: Using dialect: org.hibernate.dialect.MySQL5InnoDBDialect
2021-10-26 00:03:13.922  INFO 52150 --- [main] DeferredRepositoryInitializationListener : Triggering deferred initialization of Spring Data repositories…
2021-10-26 00:03:13.922  INFO 52150 --- [main] DeferredRepositoryInitializationListener : Spring Data repositories initialized!
2021-10-26 00:03:13.933  INFO 52150 --- [main] .e.SpringBootRestServiceApplicationTests : Started SpringBootRestServiceApplicationTests in 2.913 seconds (JVM running for 4.414)
2021-10-26 00:03:14.016  INFO 52150 --- [main] c.elvislee.controller.LibraryController  : Book already exist, skipping creation
2021-10-26 00:03:14.063  INFO 52150 --- [SpringContextShutdownHook] j.LocalContainerEntityManagerFactoryBean : Closing JPA EntityManagerFactory for persistence unit 'default'
2021-10-26 00:03:14.225  INFO 52150 --- [task-1] o.h.e.t.j.p.i.JtaPlatformInitiator       : HHH000490: Using JtaPlatform implementation: [org.hibernate.engine.transaction.jta.platform.internal.NoJtaPlatform]
2021-10-26 00:03:14.233  INFO 52150 --- [task-1] j.LocalContainerEntityManagerFactoryBean : Initialized JPA EntityManagerFactory for persistence unit 'default'
2021-10-26 00:03:14.236  INFO 52150 --- [SpringContextShutdownHook] o.s.s.concurrent.ThreadPoolTaskExecutor  : Shutting down ExecutorService 'applicationTaskExecutor'
2021-10-26 00:03:14.237  INFO 52150 --- [SpringContextShutdownHook] com.zaxxer.hikari.HikariDataSource       : HikariPool-1 - Shutdown initiated...
2021-10-26 00:03:14.252  INFO 52150 --- [SpringContextShutdownHook] com.zaxxer.hikari.HikariDataSource       : HikariPool-1 - Shutdown completed.
